<?xml version="1.0" encoding="UTF-8"?>
<testng-results ignored="0" total="1" passed="1" failed="0" skipped="0">
  <reporter-output>
  </reporter-output>
  <suite started-at="2020-04-12T15:28:19Z" name="Regression TestSuite" finished-at="2020-04-12T15:28:27Z" duration-ms="8361">
    <groups>
    </groups>
    <test started-at="2020-04-12T15:28:19Z" name="Application Test" finished-at="2020-04-12T15:28:27Z" duration-ms="8361">
      <class name="com.expedia.flightbooking.TestNG_TestSuite">
        <test-method is-config="true" signature="beforeClass()[pri:0, instance:com.expedia.flightbooking.TestNG_TestSuite@5a4aa2f2]" started-at="2020-04-12T16:28:19Z" name="beforeClass" finished-at="2020-04-12T16:28:25Z" duration-ms="5393" status="PASS">
          <reporter-output>
          </reporter-output>
        </test-method> <!-- beforeClass -->
        <test-method signature="fillBasicInfo()[pri:0, instance:com.expedia.flightbooking.TestNG_TestSuite@5a4aa2f2]" started-at="2020-04-12T16:28:25Z" name="fillBasicInfo" finished-at="2020-04-12T16:28:27Z" duration-ms="2959" status="PASS">
          <reporter-output>
          </reporter-output>
        </test-method> <!-- fillBasicInfo -->
        <test-method is-config="true" signature="afterClass()[pri:0, instance:com.expedia.flightbooking.TestNG_TestSuite@5a4aa2f2]" started-at="2020-04-12T16:28:27Z" name="afterClass" finished-at="2020-04-12T16:28:27Z" duration-ms="0" status="PASS">
          <reporter-output>
          </reporter-output>
        </test-method> <!-- afterClass -->
      </class> <!-- com.expedia.flightbooking.TestNG_TestSuite -->
    </test> <!-- Application Test -->
  </suite> <!-- Regression TestSuite -->
</testng-results>
